<?xml version="1.0" encoding="UTF-8"?>
<testng-results ignored="0" total="1" passed="1" failed="0" skipped="0">
  <reporter-output>
  </reporter-output>
  <suite started-at="2021-07-18T08:16:06 IST" name="Default suite" finished-at="2021-07-18T08:16:17 IST" duration-ms="10960">
    <groups>
    </groups>
    <test started-at="2021-07-18T08:16:06 IST" name="Default test" finished-at="2021-07-18T08:16:17 IST" duration-ms="10960">
      <class name="resume.Naukri">
        <test-method is-config="true" signature="naukri()[pri:0, instance:resume.Naukri@5d0a1059]" started-at="2021-07-18T08:16:06 IST" name="naukri" finished-at="2021-07-18T08:16:15 IST" duration-ms="8960" status="PASS">
          <reporter-output>
          </reporter-output>
        </test-method> <!-- naukri -->
        <test-method signature="resume()[pri:1, instance:resume.Naukri@5d0a1059]" started-at="2021-07-18T08:16:15 IST" name="resume" finished-at="2021-07-18T08:16:17 IST" duration-ms="1822" status="PASS">
          <reporter-output>
          </reporter-output>
        </test-method> <!-- resume -->
        <test-method is-config="true" signature="close()[pri:0, instance:resume.Naukri@5d0a1059]" started-at="2021-07-18T08:16:17 IST" name="close" finished-at="2021-07-18T08:16:17 IST" duration-ms="141" status="PASS">
          <reporter-output>
          </reporter-output>
        </test-method> <!-- close -->
      </class> <!-- resume.Naukri -->
    </test> <!-- Default test -->
  </suite> <!-- Default suite -->
</testng-results>
